[debug] [2019-11-14T03:26:22.645Z] ----------------------------------------------------------------------
[debug] [2019-11-14T03:26:22.658Z] Command:       C:\Program Files\nodejs\node.exe C:\Users\ployu\AppData\Local\Yarn\Data\global\node_modules\firebase-tools\lib\bin\firebase.js deploy --only functions:findBook
[debug] [2019-11-14T03:26:22.658Z] CLI Version:   7.7.0
[debug] [2019-11-14T03:26:22.658Z] Platform:      win32
[debug] [2019-11-14T03:26:22.658Z] Node Version:  v10.16.2
[debug] [2019-11-14T03:26:22.660Z] Time:          Thu Nov 14 2019 10:26:22 GMT+0700 (Indochina Time)
[debug] [2019-11-14T03:26:22.660Z] ----------------------------------------------------------------------
[debug] [2019-11-14T03:26:22.660Z] 
[debug] [2019-11-14T03:26:22.685Z] > command requires scopes: ["email","openid","https://www.googleapis.com/auth/cloudplatformprojects.readonly","https://www.googleapis.com/auth/firebase","https://www.googleapis.com/auth/cloud-platform"]
[debug] [2019-11-14T03:26:22.687Z] > authorizing via signed-in user
[debug] [2019-11-14T03:26:22.688Z] [iam] checking project reader-simple-app for permissions ["cloudfunctions.functions.create","cloudfunctions.functions.delete","cloudfunctions.functions.get","cloudfunctions.functions.list","cloudfunctions.functions.update","cloudfunctions.operations.get","firebase.projects.get"]
[debug] [2019-11-14T03:26:22.692Z] >>> HTTP REQUEST POST https://cloudresourcemanager.googleapis.com/v1/projects/reader-simple-app:testIamPermissions  

[debug] [2019-11-14T03:26:24.458Z] <<< HTTP RESPONSE 200
[info] 
[info] === Deploying to 'reader-simple-app'...
[info] 
[info] i  deploying functions
[debug] [2019-11-14T03:26:31.350Z] > [functions] package.json contents: {
  "name": "functions",
  "description": "Cloud Functions for Firebase",
  "scripts": {
    "serve": "firebase serve --only functions",
    "shell": "firebase functions:shell",
    "start": "npm run shell",
    "deploy": "firebase deploy --only functions",
    "logs": "firebase functions:log"
  },
  "engines": {
    "node": "8"
  },
  "dependencies": {
    "firebase-admin": "^8.6.0",
    "firebase-functions": "^3.3.0"
  },
  "devDependencies": {
    "firebase-functions-test": "^0.1.6"
  },
  "private": true
}
[info] i  functions: ensuring necessary APIs are enabled...
[debug] [2019-11-14T03:26:31.356Z] >>> HTTP REQUEST GET https://serviceusage.googleapis.com/v1/projects/reader-simple-app/services/cloudfunctions.googleapis.com  
 
[debug] [2019-11-14T03:26:31.358Z] >>> HTTP REQUEST GET https://serviceusage.googleapis.com/v1/projects/reader-simple-app/services/runtimeconfig.googleapis.com  
 
[debug] [2019-11-14T03:26:33.262Z] <<< HTTP RESPONSE 200
[debug] [2019-11-14T03:26:33.298Z] <<< HTTP RESPONSE 200
[info] +  functions: all necessary APIs are enabled
[debug] [2019-11-14T03:26:33.304Z] >>> HTTP REQUEST GET https://firebase.googleapis.com/v1beta1/projects/reader-simple-app/adminSdkConfig  
 
[debug] [2019-11-14T03:26:33.974Z] <<< HTTP RESPONSE 200
[info] i  functions: preparing functions directory for uploading...
[debug] [2019-11-14T03:26:33.983Z] >>> HTTP REQUEST GET https://runtimeconfig.googleapis.com/v1beta1/projects/reader-simple-app/configs  
 
[debug] [2019-11-14T03:26:34.490Z] <<< HTTP RESPONSE 200
[info] i  functions: packaged functions (25.17 KB) for uploading
[debug] [2019-11-14T03:26:35.145Z] >>> HTTP REQUEST POST https://cloudfunctions.googleapis.com/v1/projects/reader-simple-app/locations/us-central1/functions:generateUploadUrl  
 
[debug] [2019-11-14T03:26:36.738Z] <<< HTTP RESPONSE 200
[debug] [2019-11-14T03:26:36.740Z] >>> HTTP REQUEST PUT https://storage.googleapis.com/gcf-upload-us-central1-4baf5e67-3494-4a8b-9705-9ff1b177f612/71f988e4-ec56-4930-b80c-e8a94b5cf060.zip?GoogleAccessId=service-134896125592@gcf-admin-robot.iam.gserviceaccount.com&Expires=1573703796&Signature=BTFQ5r60jtxlFePzXYUlcswvSHn8jk8%2BfF2deyIDaBgpW8HvjsUvvsT58ZCJvE335sfS1%2B2BabVsRoKpWTBGPOKLwns3uBcq0GDXMpRzufo2mFiLjbae1nE5m5gNBjuo9KVLT%2FCnmFx1EMwojvGpEv98seNn4lj1eU3UyiD7xxIk2I%2BYeSejIclbMqv5uya7K8baSscjUX3Ps%2FtY%2FkCU1Epb8tZIjIKUBD%2BQn9PJCTSe8n64JTk6hdXHWh1YPdVQ67aIW9PpdhX9pdHPBOY32cTdywxJ9WWisCsbtJ%2FECVAVZ%2BZYwDH5QT8EQZpDXD047VzreAHqQBSxHygW7U6Cnw%3D%3D  
 <request body omitted>
[debug] [2019-11-14T03:26:37.455Z] <<< HTTP RESPONSE 200
[info] +  functions: functions folder uploaded successfully
[debug] [2019-11-14T03:26:37.462Z] >>> HTTP REQUEST GET https://cloudfunctions.googleapis.com/v1/projects/reader-simple-app/locations/-/functions  
 
[debug] [2019-11-14T03:26:38.071Z] <<< HTTP RESPONSE 200
[debug] [2019-11-14T03:26:38.074Z] > [functions] filtering triggers to: [
  "projects/reader-simple-app/locations/us-central1/functions/findBook"
]
[info] i  functions: current functions in project: findBook(us-central1), getBook(us-central1)
[info] i  functions: uploading functions in project: findBook(us-central1)
[info] i  functions: updating Node.js 8 function findBook(us-central1)...
[debug] [2019-11-14T03:26:38.093Z] Trigger is:  {"httpsTrigger":{}}
[debug] [2019-11-14T03:26:38.095Z] >>> HTTP REQUEST GET https://serviceusage.googleapis.com/v1/projects/reader-simple-app/services/cloudscheduler.googleapis.com  
 
[debug] [2019-11-14T03:26:39.711Z] <<< HTTP RESPONSE 200
[debug] [2019-11-14T03:26:39.714Z] >>> HTTP REQUEST PATCH https://cloudfunctions.googleapis.com/v1/projects/reader-simple-app/locations/us-central1/functions/findBook {"updateMask":"sourceUploadUrl,name,labels,runtime,httpsTrigger"} 

[debug] [2019-11-14T03:26:40.631Z] <<< HTTP RESPONSE 200
[debug] [2019-11-14T03:26:40.634Z] >>> HTTP REQUEST GET https://cloudfunctions.googleapis.com/v1/projects/reader-simple-app/locations/-/functions  
 
[debug] [2019-11-14T03:26:41.142Z] <<< HTTP RESPONSE 200
[debug] [2019-11-14T03:26:41.144Z] >>> HTTP REQUEST GET https://cloudfunctions.googleapis.com/v1/operations/cmVhZGVyLXNpbXBsZS1hcHAvdXMtY2VudHJhbDEvZmluZEJvb2sveHFaVFFHLWNXc3M  
 
[debug] [2019-11-14T03:26:41.961Z] <<< HTTP RESPONSE 200
